<?xml version="1.0" encoding="UTF-8"?>
<robot generator="Robot 6.0.1 (Python 3.9.6 on darwin)" generated="20221221 00:08:47.161" rpa="false" schemaversion="3">
<suite id="s1" name="Bookdepository" source="/Users/septiameliakholisa/Downloads/robot-framework-selenium-gherkin-pom-main/test_suites/bookdepository.robot">
<test id="s1-t1" name="Scenario: User can add item to the wishlist" line="34">
<kw name="Open Home Page" library="resources" type="SETUP">
<kw name="Open Browser" library="SeleniumLibrary">
<arg>${MAIN_PAGE}</arg>
<arg>${BROWSER}</arg>
<doc>Opens a new browser instance to the optional ``url``.</doc>
<msg timestamp="20221221 00:08:47.261" level="INFO">Opening browser 'Chrome' to base url 'https://www.bookdepository.com/'.</msg>
<status status="PASS" starttime="20221221 00:08:47.260" endtime="20221221 00:09:00.326"/>
</kw>
<status status="PASS" starttime="20221221 00:08:47.260" endtime="20221221 00:09:00.327"/>
</kw>
<kw name="Given user already in main home page" library="main_home_page_steps">
<kw name="Main Home Page is Displayed" library="main_home_page">
<kw name="Wait Until Element Is Visible" library="SeleniumLibrary">
<arg>${IMG_LOGO}</arg>
<doc>Waits until the element ``locator`` is visible.</doc>
<status status="PASS" starttime="20221221 00:09:00.327" endtime="20221221 00:09:00.769"/>
</kw>
<kw name="Element Should Be Visible" library="SeleniumLibrary">
<arg>${IMG_LOGO}</arg>
<doc>Verifies that the element identified by ``locator`` is visible.</doc>
<msg timestamp="20221221 00:09:01.271" level="INFO">Element 'class:brand-link' is displayed.</msg>
<status status="PASS" starttime="20221221 00:09:00.769" endtime="20221221 00:09:01.272"/>
</kw>
<status status="PASS" starttime="20221221 00:09:00.327" endtime="20221221 00:09:01.272"/>
</kw>
<status status="PASS" starttime="20221221 00:09:00.327" endtime="20221221 00:09:01.272"/>
</kw>
<kw name="And user click Sign in button" library="main_home_page_steps">
<kw name="Click Sign In Button" library="main_home_page">
<kw name="Wait Until Element Is Visible" library="SeleniumLibrary">
<arg>${SIGN_IN}</arg>
<doc>Waits until the element ``locator`` is visible.</doc>
<status status="PASS" starttime="20221221 00:09:01.273" endtime="20221221 00:09:02.714"/>
</kw>
<kw name="Click Link" library="SeleniumLibrary">
<arg>${SIGN_IN}</arg>
<doc>Clicks a link identified by ``locator``.</doc>
<msg timestamp="20221221 00:09:02.714" level="INFO">Clicking link 'link:Sign in/Join'.</msg>
<status status="PASS" starttime="20221221 00:09:02.714" endtime="20221221 00:09:09.202"/>
</kw>
<status status="PASS" starttime="20221221 00:09:01.272" endtime="20221221 00:09:09.202"/>
</kw>
<status status="PASS" starttime="20221221 00:09:01.272" endtime="20221221 00:09:09.202"/>
</kw>
<kw name="And user login with email &quot;${VALID_EMAIL}&quot; and password &quot;${VALID_PASSWORD}&quot;" library="login_page_steps" sourcename="User login with email &quot;${email}&quot; and password &quot;${password}&quot;">
<kw name="Input Email" library="login_page">
<arg>${email}</arg>
<kw name="Select Frame" library="SeleniumLibrary">
<arg>${SIGN_IN_FRAME}</arg>
<doc>Sets frame identified by ``locator`` as the current frame.</doc>
<msg timestamp="20221221 00:09:09.203" level="INFO">Selecting frame 'class:signin-iframe'.</msg>
<status status="PASS" starttime="20221221 00:09:09.203" endtime="20221221 00:09:10.679"/>
</kw>
<kw name="Wait Until Element Is Visible" library="SeleniumLibrary">
<arg>${INPUT_EMAIL}</arg>
<doc>Waits until the element ``locator`` is visible.</doc>
<status status="PASS" starttime="20221221 00:09:10.680" endtime="20221221 00:09:10.765"/>
</kw>
<kw name="Input Text" library="SeleniumLibrary">
<arg>${INPUT_EMAIL}</arg>
<arg>${email}</arg>
<doc>Types the given ``text`` into the text field identified by ``locator``.</doc>
<msg timestamp="20221221 00:09:10.766" level="INFO">Typing text 'rama.ash2517@gmail.com' into text field 'ap_email'.</msg>
<status status="PASS" starttime="20221221 00:09:10.766" endtime="20221221 00:09:13.025"/>
</kw>
<status status="PASS" starttime="20221221 00:09:09.202" endtime="20221221 00:09:13.025"/>
</kw>
<kw name="Input Correct Password" library="login_page">
<arg>${password}</arg>
<kw name="Input Text" library="SeleniumLibrary">
<arg>${INPUT_PASSWORD}</arg>
<arg>${password}</arg>
<doc>Types the given ``text`` into the text field identified by ``locator``.</doc>
<msg timestamp="20221221 00:09:13.026" level="INFO">Typing text 'Password11' into text field 'ap_password'.</msg>
<status status="PASS" starttime="20221221 00:09:13.026" endtime="20221221 00:09:15.213"/>
</kw>
<status status="PASS" starttime="20221221 00:09:13.026" endtime="20221221 00:09:15.213"/>
</kw>
<kw name="Click Button Sign In" library="login_page">
<kw name="Click Button" library="SeleniumLibrary">
<arg>${BUTTON_SIGN_IN}</arg>
<doc>Clicks the button identified by ``locator``.</doc>
<msg timestamp="20221221 00:09:15.214" level="INFO">Clicking button 'signInSubmit'.</msg>
<status status="PASS" starttime="20221221 00:09:15.213" endtime="20221221 00:09:16.152"/>
</kw>
<kw name="Unselect Frame" library="SeleniumLibrary">
<doc>Sets the main frame as the current frame.</doc>
<status status="PASS" starttime="20221221 00:09:16.152" endtime="20221221 00:09:18.428"/>
</kw>
<status status="PASS" starttime="20221221 00:09:15.213" endtime="20221221 00:09:18.429"/>
</kw>
<kw name="Success Login is Displayed" library="login_page">
<kw name="Wait Until Element Is Visible" library="SeleniumLibrary">
<arg>${LABEL_SIGN_IN_SUCCESS}</arg>
<doc>Waits until the element ``locator`` is visible.</doc>
<status status="PASS" starttime="20221221 00:09:18.429" endtime="20221221 00:09:18.508"/>
</kw>
<kw name="Element Should Be Visible" library="SeleniumLibrary">
<arg>${LABEL_SIGN_IN_SUCCESS}</arg>
<doc>Verifies that the element identified by ``locator`` is visible.</doc>
<msg timestamp="20221221 00:09:18.542" level="INFO">Element 'css:div[role='alert'] strong' is displayed.</msg>
<status status="PASS" starttime="20221221 00:09:18.508" endtime="20221221 00:09:18.542"/>
</kw>
<kw name="Element Text Should Be" library="SeleniumLibrary">
<arg>${LABEL_SIGN_IN_SUCCESS}</arg>
<arg>Welcome back</arg>
<doc>Verifies that element ``locator`` contains exact the text ``expected``.</doc>
<msg timestamp="20221221 00:09:18.543" level="INFO">Verifying element 'css:div[role='alert'] strong' contains exact text 'Welcome back'.</msg>
<status status="PASS" starttime="20221221 00:09:18.542" endtime="20221221 00:09:18.690"/>
</kw>
<status status="PASS" starttime="20221221 00:09:18.429" endtime="20221221 00:09:18.690"/>
</kw>
<status status="PASS" starttime="20221221 00:09:09.202" endtime="20221221 00:09:18.691"/>
</kw>
<kw name="When user search &quot;Supernova&quot;" library="main_home_page_steps" sourcename="User search &quot;${keyword}&quot;">
<kw name="Input Search" library="main_home_page">
<arg>${keyword}</arg>
<kw name="Input Text" library="SeleniumLibrary">
<arg>${INPUT_SEARCH}</arg>
<arg>${keyword}</arg>
<doc>Types the given ``text`` into the text field identified by ``locator``.</doc>
<msg timestamp="20221221 00:09:18.692" level="INFO">Typing text 'Supernova' into text field 'name:searchTerm'.</msg>
<status status="PASS" starttime="20221221 00:09:18.691" endtime="20221221 00:09:18.947"/>
</kw>
<status status="PASS" starttime="20221221 00:09:18.691" endtime="20221221 00:09:18.947"/>
</kw>
<kw name="Click Button Search" library="main_home_page">
<kw name="Click Button" library="SeleniumLibrary">
<arg>${BUTTON_SEARCH}</arg>
<doc>Clicks the button identified by ``locator``.</doc>
<msg timestamp="20221221 00:09:18.948" level="INFO">Clicking button 'class:header-search-btn'.</msg>
<status status="PASS" starttime="20221221 00:09:18.948" endtime="20221221 00:09:20.839"/>
</kw>
<status status="PASS" starttime="20221221 00:09:18.947" endtime="20221221 00:09:20.840"/>
</kw>
<status status="PASS" starttime="20221221 00:09:18.691" endtime="20221221 00:09:20.840"/>
</kw>
<kw name="And user click the first item to the detail page" library="main_home_page_steps">
<kw name="Click Item to go to Detail page" library="main_home_page">
<kw name="Click Element" library="SeleniumLibrary">
<arg>${SELECT_FIRST_ITEM}</arg>
<doc>Click the element identified by ``locator``.</doc>
<msg timestamp="20221221 00:09:20.841" level="INFO">Clicking element 'class:book-item:first-of-type&gt;div.item-img'.</msg>
<status status="PASS" starttime="20221221 00:09:20.840" endtime="20221221 00:09:22.641"/>
</kw>
<status status="PASS" starttime="20221221 00:09:20.840" endtime="20221221 00:09:22.641"/>
</kw>
<status status="PASS" starttime="20221221 00:09:20.840" endtime="20221221 00:09:22.642"/>
</kw>
<kw name="And user click wishlist button" library="main_home_page_steps">
<kw name="Click Wishlist Button" library="main_home_page">
<kw name="Click Element" library="SeleniumLibrary">
<arg>${BUTTON_WISHLIST}</arg>
<doc>Click the element identified by ``locator``.</doc>
<msg timestamp="20221221 00:09:22.642" level="INFO">Clicking element 'link:Add to wishlist'.</msg>
<status status="PASS" starttime="20221221 00:09:22.642" endtime="20221221 00:09:23.399"/>
</kw>
<kw name="Sleep" library="BuiltIn">
<arg>3s</arg>
<doc>Pauses the test executed for the given time.</doc>
<msg timestamp="20221221 00:09:26.402" level="INFO">Slept 3 seconds</msg>
<status status="PASS" starttime="20221221 00:09:23.399" endtime="20221221 00:09:26.402"/>
</kw>
<status status="PASS" starttime="20221221 00:09:22.642" endtime="20221221 00:09:26.402"/>
</kw>
<status status="PASS" starttime="20221221 00:09:22.642" endtime="20221221 00:09:26.403"/>
</kw>
<kw name="And user input wishlist name &quot;Pesananku&quot;" library="main_home_page_steps" sourcename="user input wishlist name &quot;${wishlistName}&quot;">
<kw name="Input WishList Name" library="main_home_page">
<arg>${wishlistName}</arg>
<kw name="Input Text" library="SeleniumLibrary">
<arg>${INPUT_WISHLIST_NAME}</arg>
<arg>${wishlistName}</arg>
<doc>Types the given ``text`` into the text field identified by ``locator``.</doc>
<msg timestamp="20221221 00:09:26.404" level="INFO">Typing text 'Pesananku' into text field 'name:wishlistLabel'.</msg>
<status status="PASS" starttime="20221221 00:09:26.404" endtime="20221221 00:09:26.547"/>
</kw>
<status status="PASS" starttime="20221221 00:09:26.403" endtime="20221221 00:09:26.547"/>
</kw>
<kw name="Click Add WishList Button" library="main_home_page">
<kw name="Click Element" library="SeleniumLibrary">
<arg>${BUTTON_ADD_WISHLIST}</arg>
<doc>Click the element identified by ``locator``.</doc>
<msg timestamp="20221221 00:09:26.548" level="INFO">Clicking element 'class:btn.btn-primary.pull-right'.</msg>
<status status="PASS" starttime="20221221 00:09:26.548" endtime="20221221 00:09:26.761"/>
</kw>
<kw name="Sleep" library="BuiltIn">
<arg>3s</arg>
<doc>Pauses the test executed for the given time.</doc>
<msg timestamp="20221221 00:09:29.761" level="INFO">Slept 3 seconds</msg>
<status status="PASS" starttime="20221221 00:09:26.761" endtime="20221221 00:09:29.762"/>
</kw>
<status status="PASS" starttime="20221221 00:09:26.548" endtime="20221221 00:09:29.764"/>
</kw>
<kw name="Click Close Button" library="main_home_page">
<kw name="Click Element" library="SeleniumLibrary">
<arg>${BUTTON_CLOSE}</arg>
<doc>Click the element identified by ``locator``.</doc>
<msg timestamp="20221221 00:09:29.767" level="INFO">Clicking element 'class:close&gt;span'.</msg>
<status status="PASS" starttime="20221221 00:09:29.766" endtime="20221221 00:09:29.880"/>
</kw>
<kw name="Sleep" library="BuiltIn">
<arg>3s</arg>
<doc>Pauses the test executed for the given time.</doc>
<msg timestamp="20221221 00:09:32.881" level="INFO">Slept 3 seconds</msg>
<status status="PASS" starttime="20221221 00:09:29.880" endtime="20221221 00:09:32.882"/>
</kw>
<status status="PASS" starttime="20221221 00:09:29.765" endtime="20221221 00:09:32.883"/>
</kw>
<status status="PASS" starttime="20221221 00:09:26.403" endtime="20221221 00:09:32.884"/>
</kw>
<kw name="Then user see the item appear on the wishlist page" library="main_home_page_steps">
<kw name="Click WishList Menu" library="main_home_page">
<kw name="Click Element" library="SeleniumLibrary">
<arg>${BUTTON_WISHLIST_MENU}</arg>
<doc>Click the element identified by ``locator``.</doc>
<msg timestamp="20221221 00:09:32.888" level="INFO">Clicking element 'link:Wishlist'.</msg>
<status status="PASS" starttime="20221221 00:09:32.886" endtime="20221221 00:09:34.204"/>
</kw>
<status status="PASS" starttime="20221221 00:09:32.886" endtime="20221221 00:09:34.204"/>
</kw>
<kw name="Get Wishlist Item" library="main_home_page">
<kw name="Element Text Should Be" library="SeleniumLibrary">
<arg>${LABEL_WISHLIST_ITEM}</arg>
<arg>${wishlist_Item}</arg>
<doc>Verifies that element ``locator`` contains exact the text ``expected``.</doc>
<msg timestamp="20221221 00:09:34.205" level="INFO">Verifying element 'class:item-title&gt;a' contains exact text 'Supernova'.</msg>
<status status="PASS" starttime="20221221 00:09:34.204" endtime="20221221 00:09:34.328"/>
</kw>
<status status="PASS" starttime="20221221 00:09:34.204" endtime="20221221 00:09:34.328"/>
</kw>
<kw name="Click Edit Wishlist" library="main_home_page">
<kw name="Click Element" library="SeleniumLibrary">
<arg>${BUTTON_EDIT_WISHLIST}</arg>
<doc>Click the element identified by ``locator``.</doc>
<msg timestamp="20221221 00:09:34.329" level="INFO">Clicking element 'class:btn-edit-text'.</msg>
<status status="PASS" starttime="20221221 00:09:34.328" endtime="20221221 00:09:34.529"/>
</kw>
<kw name="Sleep" library="BuiltIn">
<arg>3s</arg>
<doc>Pauses the test executed for the given time.</doc>
<msg timestamp="20221221 00:09:37.531" level="INFO">Slept 3 seconds</msg>
<status status="PASS" starttime="20221221 00:09:34.529" endtime="20221221 00:09:37.532"/>
</kw>
<status status="PASS" starttime="20221221 00:09:34.328" endtime="20221221 00:09:37.533"/>
</kw>
<kw name="Click Remove Wishlist" library="main_home_page">
<kw name="Click Element" library="SeleniumLibrary">
<arg>${BUTTON_REMOVE_WISHLIST}</arg>
<doc>Click the element identified by ``locator``.</doc>
<msg timestamp="20221221 00:09:37.537" level="INFO">Clicking element 'link:Delete wishlist'.</msg>
<status status="PASS" starttime="20221221 00:09:37.535" endtime="20221221 00:09:37.814"/>
</kw>
<kw name="Handle Alert" library="SeleniumLibrary">
<arg>ACCEPT</arg>
<doc>Handles the current alert and returns its message.</doc>
<msg timestamp="20221221 00:09:37.814" level="INFO">HANDLE::&lt;class 'NoneType'&gt;::None</msg>
<status status="PASS" starttime="20221221 00:09:37.814" endtime="20221221 00:09:37.819"/>
</kw>
<status status="PASS" starttime="20221221 00:09:37.534" endtime="20221221 00:09:37.819"/>
</kw>
<status status="PASS" starttime="20221221 00:09:32.885" endtime="20221221 00:09:37.819"/>
</kw>
<kw name="Close Browser" library="SeleniumLibrary" type="TEARDOWN">
<doc>Closes the current browser.</doc>
<status status="PASS" starttime="20221221 00:09:37.820" endtime="20221221 00:09:37.925"/>
</kw>
<tag>Case3</tag>
<status status="PASS" starttime="20221221 00:08:47.260" endtime="20221221 00:09:37.925"/>
</test>
<status status="PASS" starttime="20221221 00:08:47.162" endtime="20221221 00:09:37.926"/>
</suite>
<statistics>
<total>
<stat pass="1" fail="0" skip="0">All Tests</stat>
</total>
<tag>
<stat pass="1" fail="0" skip="0">Case3</stat>
</tag>
<suite>
<stat pass="1" fail="0" skip="0" id="s1" name="Bookdepository">Bookdepository</stat>
</suite>
</statistics>
<errors>
</errors>
</robot>
